-------------------------------------------------------------------------------
Test set: TestSuite
-------------------------------------------------------------------------------
Tests run: 1, Failures: 1, Errors: 0, Skipped: 0, Time elapsed: 17.079 s <<< FAILURE! - in TestSuite
com.inetbanking.testCase.TC_LoginTest_001.loginTest  Time elapsed: 4.25 s  <<< FAILURE!
java.lang.AssertionError: expected [true] but found [false]
	at com.inetbanking.testCase.TC_LoginTest_001.loginTest(TC_LoginTest_001.java:33)

